Release 14.4 - xst P.49d (nt64)
Copyright (c) 1995-2012 Xilinx, Inc.  All rights reserved.
--> Parameter TMPDIR set to xst/projnav.tmp


Total REAL time to Xst completion: 3.00 secs
Total CPU time to Xst completion: 2.76 secs
 
--> Parameter xsthdpdir set to xst


Total REAL time to Xst completion: 3.00 secs
Total CPU time to Xst completion: 2.78 secs
 
--> Reading design: top.prj

TABLE OF CONTENTS
  1) Synthesis Options Summary
  2) HDL Compilation
  3) Design Hierarchy Analysis
  4) HDL Analysis
  5) HDL Synthesis
     5.1) HDL Synthesis Report
  6) Advanced HDL Synthesis
     6.1) Advanced HDL Synthesis Report
  7) Low Level Synthesis
  8) Partition Report
  9) Final Report
	9.1) Device utilization summary
	9.2) Partition Resource Summary
	9.3) TIMING REPORT


=========================================================================
*                      Synthesis Options Summary                        *
=========================================================================
---- Source Parameters
Input File Name                    : "top.prj"
Input Format                       : mixed
Ignore Synthesis Constraint File   : NO

---- Target Parameters
Output File Name                   : "top"
Output Format                      : NGC
Target Device                      : xc3s1200e-4-fg320

---- Source Options
Top Module Name                    : top
Automatic FSM Extraction           : YES
FSM Encoding Algorithm             : Auto
Safe Implementation                : No
FSM Style                          : LUT
RAM Extraction                     : Yes
RAM Style                          : Auto
ROM Extraction                     : Yes
Mux Style                          : Auto
Decoder Extraction                 : YES
Priority Encoder Extraction        : Yes
Shift Register Extraction          : YES
Logical Shifter Extraction         : YES
XOR Collapsing                     : YES
ROM Style                          : Auto
Mux Extraction                     : Yes
Resource Sharing                   : YES
Asynchronous To Synchronous        : NO
Multiplier Style                   : Auto
Automatic Register Balancing       : No

---- Target Options
Add IO Buffers                     : YES
Global Maximum Fanout              : 100000
Add Generic Clock Buffer(BUFG)     : 24
Register Duplication               : YES
Slice Packing                      : YES
Optimize Instantiated Primitives   : NO
Use Clock Enable                   : Yes
Use Synchronous Set                : Yes
Use Synchronous Reset              : Yes
Pack IO Registers into IOBs        : Auto
Equivalent register Removal        : YES

---- General Options
Optimization Goal                  : Speed
Optimization Effort                : 1
Keep Hierarchy                     : No
Netlist Hierarchy                  : As_Optimized
RTL Output                         : Yes
Global Optimization                : AllClockNets
Read Cores                         : YES
Write Timing Constraints           : NO
Cross Clock Analysis               : NO
Hierarchy Separator                : /
Bus Delimiter                      : <>
Case Specifier                     : Maintain
Slice Utilization Ratio            : 100
BRAM Utilization Ratio             : 100
Verilog 2001                       : YES
Auto BRAM Packing                  : NO
Slice Utilization Ratio Delta      : 5

=========================================================================


=========================================================================
*                          HDL Compilation                              *
=========================================================================
Compiling verilog file "E:/Assignment5/blaze/hdl/blaze.v" in library work
Module <blaze> compiled
Module <blaze_microblaze_0_wrapper> compiled
Module <blaze_mb_plb_wrapper> compiled
Module <blaze_ilmb_wrapper> compiled
Module <blaze_dlmb_wrapper> compiled
Module <blaze_dlmb_cntlr_wrapper> compiled
Module <blaze_ilmb_cntlr_wrapper> compiled
Module <blaze_lmb_bram_wrapper> compiled
Module <blaze_dip_switches_wrapper> compiled
Module <blaze_leds_wrapper> compiled
Module <blaze_rs232_wrapper> compiled
Module <blaze_clock_generator_0_wrapper> compiled
Module <blaze_mdm_0_wrapper> compiled
Module <blaze_proc_sys_reset_0_wrapper> compiled
Compiling verilog file "Lcd_Controller.v" in library work
Module <blaze_xps_epc_0_wrapper> compiled
Compiling verilog file "top.v" in library work
Module <Lcd_Controller> compiled
Module <top> compiled
No errors in compilation
Analysis of file <"top.prj"> succeeded.
 

=========================================================================
*                     Design Hierarchy Analysis                         *
=========================================================================
Analyzing hierarchy for module <top> in library <work>.

Analyzing hierarchy for module <Lcd_Controller> in library <work> with parameters.
	stClearEn = "110"
	stElevenDelay = "101"
	stIdle = "000"
	stRead = "001"
	stSetEn = "100"
	stTwoDelay = "011"
	stWrite = "010"


=========================================================================
*                            HDL Analysis                               *
=========================================================================
Analyzing top module <top>.
Module <top> is correct for synthesis.
 
    Set property "BOX_TYPE = user_black_box" for instance <blaze> in unit <top>.
Analyzing module <Lcd_Controller> in library <work>.
	stClearEn = 3'b110
	stElevenDelay = 3'b101
	stIdle = 3'b000
	stRead = 3'b001
	stSetEn = 3'b100
	stTwoDelay = 3'b011
	stWrite = 3'b010
Module <Lcd_Controller> is correct for synthesis.
 

=========================================================================
*                           HDL Synthesis                               *
=========================================================================

Performing bidirectional port resolution...

Synthesizing Unit <Lcd_Controller>.
    Related source file is "Lcd_Controller.v".
    Register <RW> equivalent to <Data_T> has been removed
INFO:Xst:2117 - HDL ADVISOR - Mux Selector <stCur> of Case statement line 60 was re-encoded using one-hot encoding. The case statement will be optimized (default statement optimization), but this optimization may lead to design initialization problems. To ensure the design works safely, you can:
   	- add an 'INIT' attribute on signal <stCur> (optimization is then done without any risk)
   	- use the attribute 'signal_encoding user' to avoid onehot optimization
   	- use the attribute 'safe_implementation yes' to force XST to perform a safe (but less efficient) optimization
    Using one-hot encoding for signal <stCur>.
    Found 1-bit register for signal <EN>.
    Found 1-bit register for signal <Data_T>.
    Found 6-bit up counter for signal <count>.
    Found 7-bit register for signal <stCur>.
    Found 7-bit register for signal <stNext>.
    Summary:
	inferred   1 Counter(s).
	inferred   9 D-type flip-flop(s).
Unit <Lcd_Controller> synthesized.


Synthesizing Unit <top>.
    Related source file is "top.v".
WARNING:Xst:646 - Signal <RegisterDDO_7<23:0>> is assigned but never used. This unconnected signal will be trimmed during the optimization process.
    Found 8-bit tristate buffer for signal <JA>.
    Found 32-bit register for signal <BlazeDataIn>.
    Found 32-bit tristate buffer for signal <BusData>.
    Found 32-bit register for signal <RegisterDDO_0>.
    Found 32-bit register for signal <RegisterDDO_1>.
    Found 32-bit register for signal <RegisterDDO_2>.
    Found 32-bit register for signal <RegisterDDO_3>.
    Found 32-bit register for signal <RegisterDDO_4>.
    Found 32-bit register for signal <RegisterDDO_5>.
    Found 32-bit register for signal <RegisterDDO_6>.
    Found 8-bit register for signal <RegisterDDO_7<31:24>>.
    Summary:
	inferred 264 D-type flip-flop(s).
	inferred  40 Tristate(s).
Unit <top> synthesized.


=========================================================================
HDL Synthesis Report

Macro Statistics
# Counters                                             : 1
 6-bit up counter                                      : 1
# Registers                                            : 268
 1-bit register                                        : 266
 7-bit register                                        : 2
# Tristates                                            : 2
 32-bit tristate buffer                                : 1
 8-bit tristate buffer                                 : 1

=========================================================================

=========================================================================
*                       Advanced HDL Synthesis                          *
=========================================================================

Reading core <blaze.ngc>.
Reading core <blaze_microblaze_0_wrapper.ngc>.
Reading core <blaze_mb_plb_wrapper.ngc>.
Reading core <blaze_ilmb_wrapper.ngc>.
Reading core <blaze_dlmb_wrapper.ngc>.
Reading core <blaze_dlmb_cntlr_wrapper.ngc>.
Reading core <blaze_ilmb_cntlr_wrapper.ngc>.
Reading core <blaze_lmb_bram_wrapper.ngc>.
Reading core <blaze_dip_switches_wrapper.ngc>.
Reading core <blaze_leds_wrapper.ngc>.
Reading core <blaze_rs232_wrapper.ngc>.
Reading core <blaze_clock_generator_0_wrapper.ngc>.
Reading core <blaze_mdm_0_wrapper.ngc>.
Reading core <blaze_proc_sys_reset_0_wrapper.ngc>.
Reading core <blaze_xps_epc_0_wrapper.ngc>.
Loading core <blaze_microblaze_0_wrapper> for timing and area information for instance <microblaze_0>.
Loading core <blaze_mb_plb_wrapper> for timing and area information for instance <mb_plb>.
Loading core <blaze_ilmb_wrapper> for timing and area information for instance <ilmb>.
Loading core <blaze_dlmb_wrapper> for timing and area information for instance <dlmb>.
Loading core <blaze_dlmb_cntlr_wrapper> for timing and area information for instance <dlmb_cntlr>.
Loading core <blaze_ilmb_cntlr_wrapper> for timing and area information for instance <ilmb_cntlr>.
Loading core <blaze_lmb_bram_wrapper> for timing and area information for instance <lmb_bram>.
Loading core <blaze_dip_switches_wrapper> for timing and area information for instance <DIP_Switches>.
Loading core <blaze_leds_wrapper> for timing and area information for instance <LEDS>.
Loading core <blaze_rs232_wrapper> for timing and area information for instance <RS232>.
Loading core <blaze_clock_generator_0_wrapper> for timing and area information for instance <clock_generator_0>.
Loading core <blaze_mdm_0_wrapper> for timing and area information for instance <mdm_0>.
Loading core <blaze_proc_sys_reset_0_wrapper> for timing and area information for instance <proc_sys_reset_0>.
Loading core <blaze_xps_epc_0_wrapper> for timing and area information for instance <xps_epc_0>.
Loading core <blaze> for timing and area information for instance <blaze>.

=========================================================================
Advanced HDL Synthesis Report

Macro Statistics
# Counters                                             : 1
 6-bit up counter                                      : 1
# Registers                                            : 280
 Flip-Flops                                            : 280

=========================================================================

=========================================================================
*                         Low Level Synthesis                           *
=========================================================================
WARNING:Xst:2042 - Unit top: 32 internal tristates are replaced by logic (pull-up yes): BusData<0>, BusData<10>, BusData<11>, BusData<12>, BusData<13>, BusData<14>, BusData<15>, BusData<16>, BusData<17>, BusData<18>, BusData<19>, BusData<1>, BusData<20>, BusData<21>, BusData<22>, BusData<23>, BusData<24>, BusData<25>, BusData<26>, BusData<27>, BusData<28>, BusData<29>, BusData<2>, BusData<30>, BusData<31>, BusData<3>, BusData<4>, BusData<5>, BusData<6>, BusData<7>, BusData<8>, BusData<9>.

Optimizing unit <top> ...

Optimizing unit <Lcd_Controller> ...

Mapping all equations...
Building and optimizing final netlist ...
Found area constraint ratio of 100 (+ 5) on block top, actual ratio is 25.
INFO:Xst:2260 - The FF/Latch <microblaze_0/MicroBlaze_Core_I/Area.Decode_I/SWAP_Instr_0> in Unit <microblaze_0> is equivalent to the following FF/Latch : <microblaze_0/MicroBlaze_Core_I/Area.Decode_I/SWAP_Instr_0_1> 
INFO:Xst:2260 - The FF/Latch <mb_plb/GEN_MPLB_RST[1].I_MPLB_RST> in Unit <mb_plb> is equivalent to the following 7 FFs/Latches : <mb_plb/GEN_MPLB_RST[0].I_MPLB_RST> <mb_plb/GEN_SPLB_RST[4].I_SPLB_RST> <mb_plb/GEN_SPLB_RST[3].I_SPLB_RST> <mb_plb/GEN_SPLB_RST[2].I_SPLB_RST> <mb_plb/GEN_SPLB_RST[1].I_SPLB_RST> <mb_plb/GEN_SPLB_RST[0].I_SPLB_RST> <mb_plb/I_PLB_RST> 
INFO:Xst:2260 - The FF/Latch <mb_plb/GEN_SHARED.I_PLB_ARBITER_LOGIC/I_ARBCONTROL_SM/arbctrl_sm_cs_FSM_FFd3> in Unit <mb_plb> is equivalent to the following FF/Latch : <mb_plb/GEN_SHARED.I_PLB_ARBITER_LOGIC/I_ARBCONTROL_SM/arbctrl_sm_cs_FSM_FFd3_1> 
INFO:Xst:2260 - The FF/Latch <mb_plb/GEN_SHARED.I_PLB_ARBITER_LOGIC/I_ARB_ENCODER/arbAddrSelReg_i_1> in Unit <mb_plb> is equivalent to the following 3 FFs/Latches : <mb_plb/GEN_SHARED.I_PLB_ARBITER_LOGIC/I_ARB_ENCODER/arbAddrSelReg_i_1_1> <mb_plb/GEN_SHARED.I_PLB_ARBITER_LOGIC/I_ARB_ENCODER/arbAddrSelReg_i_1_2> <mb_plb/GEN_SHARED.I_PLB_ARBITER_LOGIC/I_ARB_ENCODER/arbAddrSelReg_i_1_3> 
INFO:Xst:2260 - The FF/Latch <mb_plb/GEN_SHARED.I_PLB_ARBITER_LOGIC/I_ARB_ENCODER/arbAddrSelReg_i_0> in Unit <mb_plb> is equivalent to the following 3 FFs/Latches : <mb_plb/GEN_SHARED.I_PLB_ARBITER_LOGIC/I_ARB_ENCODER/arbAddrSelReg_i_0_1> <mb_plb/GEN_SHARED.I_PLB_ARBITER_LOGIC/I_ARB_ENCODER/arbAddrSelReg_i_0_2> <mb_plb/GEN_SHARED.I_PLB_ARBITER_LOGIC/I_ARB_ENCODER/arbAddrSelReg_i_0_3> 
INFO:Xst:2260 - The FF/Latch <microblaze_0/MicroBlaze_Core_I/Area.Decode_I/SWAP_Instr_0> in Unit <microblaze_0> is equivalent to the following FF/Latch : <microblaze_0/MicroBlaze_Core_I/Area.Decode_I/SWAP_Instr_0_1> 
INFO:Xst:2260 - The FF/Latch <mb_plb/GEN_MPLB_RST[1].I_MPLB_RST> in Unit <mb_plb> is equivalent to the following 7 FFs/Latches : <mb_plb/GEN_MPLB_RST[0].I_MPLB_RST> <mb_plb/GEN_SPLB_RST[4].I_SPLB_RST> <mb_plb/GEN_SPLB_RST[3].I_SPLB_RST> <mb_plb/GEN_SPLB_RST[2].I_SPLB_RST> <mb_plb/GEN_SPLB_RST[1].I_SPLB_RST> <mb_plb/GEN_SPLB_RST[0].I_SPLB_RST> <mb_plb/I_PLB_RST> 
INFO:Xst:2260 - The FF/Latch <mb_plb/GEN_SHARED.I_PLB_ARBITER_LOGIC/I_ARBCONTROL_SM/arbctrl_sm_cs_FSM_FFd3> in Unit <mb_plb> is equivalent to the following FF/Latch : <mb_plb/GEN_SHARED.I_PLB_ARBITER_LOGIC/I_ARBCONTROL_SM/arbctrl_sm_cs_FSM_FFd3_1> 
INFO:Xst:2260 - The FF/Latch <mb_plb/GEN_SHARED.I_PLB_ARBITER_LOGIC/I_ARB_ENCODER/arbAddrSelReg_i_1> in Unit <mb_plb> is equivalent to the following 3 FFs/Latches : <mb_plb/GEN_SHARED.I_PLB_ARBITER_LOGIC/I_ARB_ENCODER/arbAddrSelReg_i_1_1> <mb_plb/GEN_SHARED.I_PLB_ARBITER_LOGIC/I_ARB_ENCODER/arbAddrSelReg_i_1_2> <mb_plb/GEN_SHARED.I_PLB_ARBITER_LOGIC/I_ARB_ENCODER/arbAddrSelReg_i_1_3> 
INFO:Xst:2260 - The FF/Latch <mb_plb/GEN_SHARED.I_PLB_ARBITER_LOGIC/I_ARB_ENCODER/arbAddrSelReg_i_0> in Unit <mb_plb> is equivalent to the following 3 FFs/Latches : <mb_plb/GEN_SHARED.I_PLB_ARBITER_LOGIC/I_ARB_ENCODER/arbAddrSelReg_i_0_1> <mb_plb/GEN_SHARED.I_PLB_ARBITER_LOGIC/I_ARB_ENCODER/arbAddrSelReg_i_0_2> <mb_plb/GEN_SHARED.I_PLB_ARBITER_LOGIC/I_ARB_ENCODER/arbAddrSelReg_i_0_3> 

Final Macro Processing ...

=========================================================================
Final Register Report

Macro Statistics
# Registers                                            : 286
 Flip-Flops                                            : 286

=========================================================================

=========================================================================
*                           Partition Report                            *
=========================================================================

Partition Implementation Status
-------------------------------

  No Partitions were found in this design.

-------------------------------

=========================================================================
*                            Final Report                               *
=========================================================================
Final Results
RTL Top Level Output File Name     : top.ngr
Top Level Output File Name         : top
Output Format                      : NGC
Optimization Goal                  : Speed
Keep Hierarchy                     : No

Design Statistics
# IOs                              : 31

Cell Usage :
# BELS                             : 3666
#      GND                         : 16
#      INV                         : 47
#      LUT1                        : 45
#      LUT2                        : 292
#      LUT2_D                      : 15
#      LUT2_L                      : 9
#      LUT3                        : 751
#      LUT3_D                      : 50
#      LUT3_L                      : 16
#      LUT4                        : 1415
#      LUT4_D                      : 26
#      LUT4_L                      : 45
#      MULT_AND                    : 55
#      MUXCY                       : 168
#      MUXCY_L                     : 136
#      MUXF5                       : 406
#      MUXF6                       : 6
#      MUXF7                       : 2
#      MUXF8                       : 1
#      VCC                         : 10
#      XORCY                       : 155
# FlipFlops/Latches                : 2687
#      FD                          : 324
#      FDC                         : 32
#      FDC_1                       : 5
#      FDCE                        : 15
#      FDE                         : 546
#      FDE_1                       : 40
#      FDP                         : 10
#      FDR                         : 1112
#      FDRE                        : 406
#      FDRE_1                      : 1
#      FDRS                        : 31
#      FDRSE                       : 13
#      FDS                         : 83
#      FDSE                        : 69
# RAMS                             : 144
#      RAM16X1D                    : 128
#      RAMB16_S2_S2                : 16
# Shift Registers                  : 150
#      SRL16                       : 25
#      SRL16E                      : 117
#      SRLC16E                     : 8
# Clock Buffers                    : 9
#      BUFG                        : 9
# IO Buffers                       : 31
#      IBUF                        : 10
#      IBUFG                       : 1
#      IOBUF                       : 8
#      OBUF                        : 12
# DCMs                             : 1
#      DCM_SP                      : 1
# MULTs                            : 3
#      MULT18X18SIO                : 3
# Others                           : 1
#      BSCAN_SPARTAN3              : 1
=========================================================================

Device utilization summary:
---------------------------

Selected Device : 3s1200efg320-4 

 Number of Slices:                     2203  out of   8672    25%  
 Number of Slice Flip Flops:           2687  out of  17344    15%  
 Number of 4 input LUTs:               3117  out of  17344    17%  
    Number used as logic:              2711
    Number used as Shift registers:     150
    Number used as RAMs:                256
 Number of IOs:                          31
 Number of bonded IOBs:                  31  out of    250    12%  
 Number of BRAMs:                        16  out of     28    57%  
 Number of MULT18X18SIOs:                 3  out of     28    10%  
 Number of GCLKs:                         9  out of     24    37%  
 Number of DCMs:                          1  out of      8    12%  

---------------------------
Partition Resource Summary:
---------------------------

  No Partitions were found in this design.

---------------------------


=========================================================================
TIMING REPORT

NOTE: THESE TIMING NUMBERS ARE ONLY A SYNTHESIS ESTIMATE.
      FOR ACCURATE TIMING INFORMATION PLEASE REFER TO THE TRACE REPORT
      GENERATED AFTER PLACE-and-ROUTE.

Clock Information:
------------------
-----------------------------------+-------------------------------------------------------+-------+
Clock Signal                       | Clock buffer(FF name)                                 | Load  |
-----------------------------------+-------------------------------------------------------+-------+
clk                                | clock_generator_0/DCM0_INST/Using_Virtex.DCM_INST:CLK0| 2465  |
blaze/mdm_0/mdm_0/drck_i           | BUFG                                                  | 212   |
blaze/mdm_0/mdm_0/update1          | BUFG                                                  | 43    |
blaze/xps_epc_0/PRH_Rd_n1          | BUFG                                                  | 32    |
blaze/xps_epc_0/PRH_Wr_n1          | BUFG                                                  | 232   |
-----------------------------------+-------------------------------------------------------+-------+

Asynchronous Control Signals Information:
----------------------------------------
----------------------------------------------------------------------------------------------------------------------------------------------------------------------------------------------------------------------------------------------+---------------------------------------------------------------------------------------------------------------------------------+-------+
Control Signal                                                                                                                                                                                                                                | Buffer(FF name)                                                                                                                 | Load  |
----------------------------------------------------------------------------------------------------------------------------------------------------------------------------------------------------------------------------------------------+---------------------------------------------------------------------------------------------------------------------------------+-------+
blaze/mdm_0/mdm_0/MDM_Core_I1/Config_Reg_Acst_inv(blaze/mdm_0/mdm_0/MDM_Core_I1/Config_Reg_Acst_inv1_INV_0:O)                                                                                                                                 | NONE(blaze/mdm_0/mdm_0/MDM_Core_I1/Config_Reg_0)                                                                                | 23    |
btn<0>                                                                                                                                                                                                                                        | IBUF                                                                                                                            | 17    |
blaze/mdm_0/mdm_0/MDM_Core_I1/SEL_inv(blaze/mdm_0/mdm_0/MDM_Core_I1/SEL_inv1_INV_0:O)                                                                                                                                                         | NONE(blaze/mdm_0/mdm_0/MDM_Core_I1/PORT_Selector_0)                                                                             | 12    |
blaze/microblaze_0/microblaze_0/MicroBlaze_Core_I/Area.Implement_Debug_Logic.Master_Core.Debug_Area/command_reg_clear(blaze/microblaze_0/microblaze_0/MicroBlaze_Core_I/Area.Implement_Debug_Logic.Master_Core.Debug_Area/command_reg_clear:Q)| NONE(blaze/microblaze_0/microblaze_0/MicroBlaze_Core_I/Area.Implement_Debug_Logic.Master_Core.Debug_Area/command_reg_0)         | 2     |
blaze/mdm_0/mdm_0/MDM_Core_I1/JTAG_CONTROL_I/data_cmd_inv(blaze/mdm_0/mdm_0/MDM_Core_I1/JTAG_CONTROL_I/data_cmd_inv1_INV_0:O)                                                                                                                 | NONE(blaze/mdm_0/mdm_0/MDM_Core_I1/JTAG_CONTROL_I/execute)                                                                      | 1     |
blaze/mdm_0/mdm_0/MDM_Core_I1/JTAG_CONTROL_I/local_sel_n3(blaze/mdm_0/mdm_0/MDM_Core_I1/JTAG_CONTROL_I/Insert_Delays[4].LUT_Delay:O)                                                                                                          | NONE(blaze/mdm_0/mdm_0/MDM_Core_I1/JTAG_CONTROL_I/FDC_I)                                                                        | 1     |
blaze/mdm_0/mdm_0/update1(blaze/mdm_0/mdm_0/Use_Spartan3.BSCAN_SPARTAN3_I:UPDATE)                                                                                                                                                             | BUFG(blaze/microblaze_0/microblaze_0/MicroBlaze_Core_I/Area.Implement_Debug_Logic.Master_Core.Debug_Area/running_clock)         | 1     |
blaze/microblaze_0/microblaze_0/MicroBlaze_Core_I/Area.Implement_Debug_Logic.Master_Core.Debug_Area/continue_from_brk(blaze/microblaze_0/microblaze_0/MicroBlaze_Core_I/Area.Implement_Debug_Logic.Master_Core.Debug_Area/continue_from_brk:Q)| NONE(blaze/microblaze_0/microblaze_0/MicroBlaze_Core_I/Area.Implement_Debug_Logic.Master_Core.Debug_Area/continue_from_brk_TClk)| 1     |
blaze/microblaze_0/microblaze_0/MicroBlaze_Core_I/Area.Implement_Debug_Logic.Master_Core.Debug_Area/force_stop_cmd(blaze/microblaze_0/microblaze_0/MicroBlaze_Core_I/Area.Implement_Debug_Logic.Master_Core.Debug_Area/force_stop_cmd1:O)     | NONE(blaze/microblaze_0/microblaze_0/MicroBlaze_Core_I/Area.Implement_Debug_Logic.Master_Core.Debug_Area/force_stop_TClk)       | 1     |
blaze/microblaze_0/microblaze_0/MicroBlaze_Core_I/Area.Implement_Debug_Logic.Master_Core.Debug_Area/no_sleeping(blaze/microblaze_0/microblaze_0/MicroBlaze_Core_I/Area.Implement_Debug_Logic.Master_Core.Debug_Area/no_sleeping1_INV_0:O)     | NONE(blaze/microblaze_0/microblaze_0/MicroBlaze_Core_I/Area.Implement_Debug_Logic.Master_Core.Debug_Area/Dbg_Wakeup)            | 1     |
blaze/microblaze_0/microblaze_0/MicroBlaze_Core_I/Area.Implement_Debug_Logic.Master_Core.Debug_Area/normal_stop_cmd(blaze/microblaze_0/microblaze_0/MicroBlaze_Core_I/Area.Implement_Debug_Logic.Master_Core.Debug_Area/normal_stop_cmd1:O)   | NONE(blaze/microblaze_0/microblaze_0/MicroBlaze_Core_I/Area.Implement_Debug_Logic.Master_Core.Debug_Area/normal_stop_TClk)      | 1     |
blaze/microblaze_0/microblaze_0/MicroBlaze_Core_I/Area.Implement_Debug_Logic.Master_Core.Debug_Area/start_single_step(blaze/microblaze_0/microblaze_0/MicroBlaze_Core_I/Area.Implement_Debug_Logic.Master_Core.Debug_Area/start_single_step:Q)| NONE(blaze/microblaze_0/microblaze_0/MicroBlaze_Core_I/Area.Implement_Debug_Logic.Master_Core.Debug_Area/single_Step_TClk)      | 1     |
----------------------------------------------------------------------------------------------------------------------------------------------------------------------------------------------------------------------------------------------+---------------------------------------------------------------------------------------------------------------------------------+-------+

Timing Summary:
---------------
Speed Grade: -4

   Minimum period: 16.050ns (Maximum Frequency: 62.305MHz)
   Minimum input arrival time before clock: 4.704ns
   Maximum output required time after clock: 12.965ns
   Maximum combinational path delay: No path found

Timing Detail:
--------------
All values displayed in nanoseconds (ns)

=========================================================================
Timing constraint: Default period analysis for Clock 'clk'
  Clock period: 12.524ns (frequency: 79.845MHz)
  Total number of paths / destination ports: 177470 / 6888
-------------------------------------------------------------------------
Delay:               12.524ns (Levels of Logic = 39)
  Source:            blaze/microblaze_0/microblaze_0/MicroBlaze_Core_I/Area.Decode_I/PreFetch_Buffer_I/Using_FPGA.Buffer_DFFs[1].FDS_I (FF)
  Destination:       blaze/lmb_bram/lmb_bram/ramb16_s2_s2_0 (RAM)
  Source Clock:      clk rising
  Destination Clock: clk rising

  Data Path: blaze/microblaze_0/microblaze_0/MicroBlaze_Core_I/Area.Decode_I/PreFetch_Buffer_I/Using_FPGA.Buffer_DFFs[1].FDS_I to blaze/lmb_bram/lmb_bram/ramb16_s2_s2_0
                                Gate     Net
    Cell:in->out      fanout   Delay   Delay  Logical Name (Net Name)
    ----------------------------------------  ------------
     FDS:C->Q             67   0.591   1.448  microblaze_0/MicroBlaze_Core_I/Area.Decode_I/PreFetch_Buffer_I/Using_FPGA.Buffer_DFFs[1].FDS_I (microblaze_0/MicroBlaze_Core_I/buffer_Addr<1>)
     LUT3_L:I0->LO         1   0.704   0.179  microblaze_0/MicroBlaze_Core_I/Area.Decode_I/PC_Incr_0_and0000_SW0 (N237)
     LUT4:I1->O            1   0.704   0.595  microblaze_0/MicroBlaze_Core_I/Area.Decode_I/PC_Incr_0_and0000 (microblaze_0/MicroBlaze_Core_I/pc_Incr)
     LUT4:I0->O            1   0.704   0.000  microblaze_0/MicroBlaze_Core_I/Area.Data_Flow_I/PC_Module_I/Using_FPGA.All_Bits.PC_GEN[29].PC_Bit_I/SUM_I (microblaze_0/MicroBlaze_Core_I/Area.Data_Flow_I/PC_Module_I/Using_FPGA.All_Bits.PC_GEN[29].PC_Bit_I/xor_Sum)
     MUXCY_L:S->LO         1   0.464   0.000  microblaze_0/MicroBlaze_Core_I/Area.Data_Flow_I/PC_Module_I/Using_FPGA.All_Bits.PC_GEN[29].PC_Bit_I/MUXCY_X (microblaze_0/MicroBlaze_Core_I/Area.Data_Flow_I/PC_Module_I/Carry<29>)
     MUXCY_L:CI->LO        1   0.059   0.000  microblaze_0/MicroBlaze_Core_I/Area.Data_Flow_I/PC_Module_I/Using_FPGA.All_Bits.PC_GEN[28].PC_Bit_I/MUXCY_X (microblaze_0/MicroBlaze_Core_I/Area.Data_Flow_I/PC_Module_I/Carry<28>)
     MUXCY_L:CI->LO        1   0.059   0.000  microblaze_0/MicroBlaze_Core_I/Area.Data_Flow_I/PC_Module_I/Using_FPGA.All_Bits.PC_GEN[27].PC_Bit_I/MUXCY_X (microblaze_0/MicroBlaze_Core_I/Area.Data_Flow_I/PC_Module_I/Carry<27>)
     MUXCY_L:CI->LO        1   0.059   0.000  microblaze_0/MicroBlaze_Core_I/Area.Data_Flow_I/PC_Module_I/Using_FPGA.All_Bits.PC_GEN[26].PC_Bit_I/MUXCY_X (microblaze_0/MicroBlaze_Core_I/Area.Data_Flow_I/PC_Module_I/Carry<26>)
     MUXCY_L:CI->LO        1   0.059   0.000  microblaze_0/MicroBlaze_Core_I/Area.Data_Flow_I/PC_Module_I/Using_FPGA.All_Bits.PC_GEN[25].PC_Bit_I/MUXCY_X (microblaze_0/MicroBlaze_Core_I/Area.Data_Flow_I/PC_Module_I/Carry<25>)
     MUXCY_L:CI->LO        1   0.059   0.000  microblaze_0/MicroBlaze_Core_I/Area.Data_Flow_I/PC_Module_I/Using_FPGA.All_Bits.PC_GEN[24].PC_Bit_I/MUXCY_X (microblaze_0/MicroBlaze_Core_I/Area.Data_Flow_I/PC_Module_I/Carry<24>)
     MUXCY_L:CI->LO        1   0.059   0.000  microblaze_0/MicroBlaze_Core_I/Area.Data_Flow_I/PC_Module_I/Using_FPGA.All_Bits.PC_GEN[23].PC_Bit_I/MUXCY_X (microblaze_0/MicroBlaze_Core_I/Area.Data_Flow_I/PC_Module_I/Carry<23>)
     MUXCY_L:CI->LO        1   0.059   0.000  microblaze_0/MicroBlaze_Core_I/Area.Data_Flow_I/PC_Module_I/Using_FPGA.All_Bits.PC_GEN[22].PC_Bit_I/MUXCY_X (microblaze_0/MicroBlaze_Core_I/Area.Data_Flow_I/PC_Module_I/Carry<22>)
     MUXCY_L:CI->LO        1   0.059   0.000  microblaze_0/MicroBlaze_Core_I/Area.Data_Flow_I/PC_Module_I/Using_FPGA.All_Bits.PC_GEN[21].PC_Bit_I/MUXCY_X (microblaze_0/MicroBlaze_Core_I/Area.Data_Flow_I/PC_Module_I/Carry<21>)
     MUXCY_L:CI->LO        1   0.059   0.000  microblaze_0/MicroBlaze_Core_I/Area.Data_Flow_I/PC_Module_I/Using_FPGA.All_Bits.PC_GEN[20].PC_Bit_I/MUXCY_X (microblaze_0/MicroBlaze_Core_I/Area.Data_Flow_I/PC_Module_I/Carry<20>)
     MUXCY_L:CI->LO        1   0.059   0.000  microblaze_0/MicroBlaze_Core_I/Area.Data_Flow_I/PC_Module_I/Using_FPGA.All_Bits.PC_GEN[19].PC_Bit_I/MUXCY_X (microblaze_0/MicroBlaze_Core_I/Area.Data_Flow_I/PC_Module_I/Carry<19>)
     MUXCY_L:CI->LO        1   0.059   0.000  microblaze_0/MicroBlaze_Core_I/Area.Data_Flow_I/PC_Module_I/Using_FPGA.All_Bits.PC_GEN[18].PC_Bit_I/MUXCY_X (microblaze_0/MicroBlaze_Core_I/Area.Data_Flow_I/PC_Module_I/Carry<18>)
     MUXCY_L:CI->LO        1   0.059   0.000  microblaze_0/MicroBlaze_Core_I/Area.Data_Flow_I/PC_Module_I/Using_FPGA.All_Bits.PC_GEN[17].PC_Bit_I/MUXCY_X (microblaze_0/MicroBlaze_Core_I/Area.Data_Flow_I/PC_Module_I/Carry<17>)
     MUXCY_L:CI->LO        1   0.059   0.000  microblaze_0/MicroBlaze_Core_I/Area.Data_Flow_I/PC_Module_I/Using_FPGA.All_Bits.PC_GEN[16].PC_Bit_I/MUXCY_X (microblaze_0/MicroBlaze_Core_I/Area.Data_Flow_I/PC_Module_I/Carry<16>)
     MUXCY_L:CI->LO        1   0.059   0.000  microblaze_0/MicroBlaze_Core_I/Area.Data_Flow_I/PC_Module_I/Using_FPGA.All_Bits.PC_GEN[15].PC_Bit_I/MUXCY_X (microblaze_0/MicroBlaze_Core_I/Area.Data_Flow_I/PC_Module_I/Carry<15>)
     MUXCY_L:CI->LO        1   0.059   0.000  microblaze_0/MicroBlaze_Core_I/Area.Data_Flow_I/PC_Module_I/Using_FPGA.All_Bits.PC_GEN[14].PC_Bit_I/MUXCY_X (microblaze_0/MicroBlaze_Core_I/Area.Data_Flow_I/PC_Module_I/Carry<14>)
     MUXCY_L:CI->LO        1   0.059   0.000  microblaze_0/MicroBlaze_Core_I/Area.Data_Flow_I/PC_Module_I/Using_FPGA.All_Bits.PC_GEN[13].PC_Bit_I/MUXCY_X (microblaze_0/MicroBlaze_Core_I/Area.Data_Flow_I/PC_Module_I/Carry<13>)
     MUXCY_L:CI->LO        1   0.059   0.000  microblaze_0/MicroBlaze_Core_I/Area.Data_Flow_I/PC_Module_I/Using_FPGA.All_Bits.PC_GEN[12].PC_Bit_I/MUXCY_X (microblaze_0/MicroBlaze_Core_I/Area.Data_Flow_I/PC_Module_I/Carry<12>)
     MUXCY_L:CI->LO        1   0.059   0.000  microblaze_0/MicroBlaze_Core_I/Area.Data_Flow_I/PC_Module_I/Using_FPGA.All_Bits.PC_GEN[11].PC_Bit_I/MUXCY_X (microblaze_0/MicroBlaze_Core_I/Area.Data_Flow_I/PC_Module_I/Carry<11>)
     MUXCY_L:CI->LO        1   0.059   0.000  microblaze_0/MicroBlaze_Core_I/Area.Data_Flow_I/PC_Module_I/Using_FPGA.All_Bits.PC_GEN[10].PC_Bit_I/MUXCY_X (microblaze_0/MicroBlaze_Core_I/Area.Data_Flow_I/PC_Module_I/Carry<10>)
     MUXCY_L:CI->LO        1   0.059   0.000  microblaze_0/MicroBlaze_Core_I/Area.Data_Flow_I/PC_Module_I/Using_FPGA.All_Bits.PC_GEN[9].PC_Bit_I/MUXCY_X (microblaze_0/MicroBlaze_Core_I/Area.Data_Flow_I/PC_Module_I/Carry<9>)
     MUXCY_L:CI->LO        1   0.059   0.000  microblaze_0/MicroBlaze_Core_I/Area.Data_Flow_I/PC_Module_I/Using_FPGA.All_Bits.PC_GEN[8].PC_Bit_I/MUXCY_X (microblaze_0/MicroBlaze_Core_I/Area.Data_Flow_I/PC_Module_I/Carry<8>)
     MUXCY_L:CI->LO        1   0.059   0.000  microblaze_0/MicroBlaze_Core_I/Area.Data_Flow_I/PC_Module_I/Using_FPGA.All_Bits.PC_GEN[7].PC_Bit_I/MUXCY_X (microblaze_0/MicroBlaze_Core_I/Area.Data_Flow_I/PC_Module_I/Carry<7>)
     MUXCY_L:CI->LO        1   0.059   0.000  microblaze_0/MicroBlaze_Core_I/Area.Data_Flow_I/PC_Module_I/Using_FPGA.All_Bits.PC_GEN[6].PC_Bit_I/MUXCY_X (microblaze_0/MicroBlaze_Core_I/Area.Data_Flow_I/PC_Module_I/Carry<6>)
     MUXCY_L:CI->LO        1   0.059   0.000  microblaze_0/MicroBlaze_Core_I/Area.Data_Flow_I/PC_Module_I/Using_FPGA.All_Bits.PC_GEN[5].PC_Bit_I/MUXCY_X (microblaze_0/MicroBlaze_Core_I/Area.Data_Flow_I/PC_Module_I/Carry<5>)
     MUXCY_L:CI->LO        1   0.059   0.000  microblaze_0/MicroBlaze_Core_I/Area.Data_Flow_I/PC_Module_I/Using_FPGA.All_Bits.PC_GEN[4].PC_Bit_I/MUXCY_X (microblaze_0/MicroBlaze_Core_I/Area.Data_Flow_I/PC_Module_I/Carry<4>)
     MUXCY_L:CI->LO        1   0.059   0.000  microblaze_0/MicroBlaze_Core_I/Area.Data_Flow_I/PC_Module_I/Using_FPGA.All_Bits.PC_GEN[3].PC_Bit_I/MUXCY_X (microblaze_0/MicroBlaze_Core_I/Area.Data_Flow_I/PC_Module_I/Carry<3>)
     MUXCY_L:CI->LO        1   0.059   0.000  microblaze_0/MicroBlaze_Core_I/Area.Data_Flow_I/PC_Module_I/Using_FPGA.All_Bits.PC_GEN[2].PC_Bit_I/MUXCY_X (microblaze_0/MicroBlaze_Core_I/Area.Data_Flow_I/PC_Module_I/Carry<2>)
     MUXCY_L:CI->LO        1   0.059   0.000  microblaze_0/MicroBlaze_Core_I/Area.Data_Flow_I/PC_Module_I/Using_FPGA.All_Bits.PC_GEN[1].PC_Bit_I/MUXCY_X (microblaze_0/MicroBlaze_Core_I/Area.Data_Flow_I/PC_Module_I/Carry<1>)
     XORCY:CI->O           1   0.804   0.595  microblaze_0/MicroBlaze_Core_I/Area.Data_Flow_I/PC_Module_I/Using_FPGA.All_Bits.PC_GEN[0].PC_Bit_I/XOR_X (microblaze_0/MicroBlaze_Core_I/Area.Data_Flow_I/PC_Module_I/Using_FPGA.All_Bits.PC_GEN[0].PC_Bit_I/pc_Sum)
     LUT4:I0->O            8   0.704   0.836  microblaze_0/MicroBlaze_Core_I/Area.Data_Flow_I/PC_Module_I/Using_FPGA.All_Bits.PC_GEN[0].PC_Bit_I/NewPC_Mux (INSTR_ADDR<0>)
     end scope: 'microblaze_0'
     begin scope: 'ilmb'
     end scope: 'ilmb'
     begin scope: 'ilmb_cntlr'
     LUT3:I1->O            4   0.704   0.587  ilmb_cntlr/lmb_we_3_and00001 (BRAM_WEN_A<3>)
     end scope: 'ilmb_cntlr'
     begin scope: 'lmb_bram'
     begin scope: 'lmb_bram'
     RAMB16_S2_S2:WEA          1.253          ramb16_s2_s2_12
    ----------------------------------------
    Total                     12.524ns (8.284ns logic, 4.240ns route)
                                       (66.1% logic, 33.9% route)

=========================================================================
Timing constraint: Default period analysis for Clock 'blaze/mdm_0/mdm_0/drck_i'
  Clock period: 12.228ns (frequency: 81.780MHz)
  Total number of paths / destination ports: 320 / 260
-------------------------------------------------------------------------
Delay:               6.114ns (Levels of Logic = 5)
  Source:            blaze/mdm_0/mdm_0/MDM_Core_I1/JTAG_CONTROL_I/SYNC_FDRE (FF)
  Destination:       blaze/microblaze_0/microblaze_0/MicroBlaze_Core_I/Area.Implement_Debug_Logic.Master_Core.Debug_Area/shift_count_7 (FF)
  Source Clock:      blaze/mdm_0/mdm_0/drck_i falling
  Destination Clock: blaze/mdm_0/mdm_0/drck_i rising

  Data Path: blaze/mdm_0/mdm_0/MDM_Core_I1/JTAG_CONTROL_I/SYNC_FDRE to blaze/microblaze_0/microblaze_0/MicroBlaze_Core_I/Area.Implement_Debug_Logic.Master_Core.Debug_Area/shift_count_7
                                Gate     Net
    Cell:in->out      fanout   Delay   Delay  Logical Name (Net Name)
    ----------------------------------------  ------------
     FDRE_1:C->Q           1   0.591   0.499  JTAG_CONTROL_I/SYNC_FDRE (JTAG_CONTROL_I/sync)
     LUT3:I1->O            1   0.704   0.424  JTAG_CONTROL_I/shifting_Data_SW0 (N34)
     LUT4:I3->O            9   0.704   0.820  JTAG_CONTROL_I/shifting_Data (Dbg_Shift_9)
     end scope: 'mdm_0/MDM_Core_I1'
     end scope: 'mdm_0'
     begin scope: 'microblaze_0'
     INV:I->O              8   0.704   0.757  microblaze_0/MicroBlaze_Core_I/Area.Implement_Debug_Logic.Master_Core.Debug_Area/Shift_inv1_INV_0 (microblaze_0/MicroBlaze_Core_I/Area.Implement_Debug_Logic.Master_Core.Debug_Area/Shift_inv)
     FDR:R                     0.911          microblaze_0/MicroBlaze_Core_I/Area.Implement_Debug_Logic.Master_Core.Debug_Area/shift_count_0
    ----------------------------------------
    Total                      6.114ns (3.614ns logic, 2.500ns route)
                                       (59.1% logic, 40.9% route)

=========================================================================
Timing constraint: Default period analysis for Clock 'blaze/mdm_0/mdm_0/update1'
  Clock period: 16.050ns (frequency: 62.305MHz)
  Total number of paths / destination ports: 345 / 51
-------------------------------------------------------------------------
Delay:               8.025ns (Levels of Logic = 6)
  Source:            blaze/mdm_0/mdm_0/MDM_Core_I1/JTAG_CONTROL_I/FDC_I (FF)
  Destination:       blaze/microblaze_0/microblaze_0/MicroBlaze_Core_I/Area.Implement_Debug_Logic.Master_Core.Debug_Area/control_reg_0 (FF)
  Source Clock:      blaze/mdm_0/mdm_0/update1 falling
  Destination Clock: blaze/mdm_0/mdm_0/update1 rising

  Data Path: blaze/mdm_0/mdm_0/MDM_Core_I1/JTAG_CONTROL_I/FDC_I to blaze/microblaze_0/microblaze_0/MicroBlaze_Core_I/Area.Implement_Debug_Logic.Master_Core.Debug_Area/control_reg_0
                                Gate     Net
    Cell:in->out      fanout   Delay   Delay  Logical Name (Net Name)
    ----------------------------------------  ------------
     FDC_1:C->Q           14   0.591   1.175  JTAG_CONTROL_I/FDC_I (JTAG_CONTROL_I/data_cmd)
     LUT2:I0->O            2   0.704   0.622  JTAG_CONTROL_I/Dbg_Reg_En_I<1>1 (Dbg_Reg_En_0<1>)
     end scope: 'mdm_0/MDM_Core_I1'
     end scope: 'mdm_0'
     begin scope: 'microblaze_0'
     LUT4:I0->O            4   0.704   0.762  microblaze_0/MicroBlaze_Core_I/Area.Implement_Debug_Logic.Master_Core.Debug_Area/Command_Reg_En_cmp_eq000011 (microblaze_0/MicroBlaze_Core_I/Area.Implement_Debug_Logic.Master_Core.Debug_Area/N4)
     LUT3:I0->O            2   0.704   0.622  microblaze_0/MicroBlaze_Core_I/Area.Implement_Debug_Logic.Master_Core.Debug_Area/Control_Reg_En_cmp_eq000011 (microblaze_0/MicroBlaze_Core_I/Area.Implement_Debug_Logic.Master_Core.Debug_Area/N16)
     LUT3:I0->O           10   0.704   0.882  microblaze_0/MicroBlaze_Core_I/Area.Implement_Debug_Logic.Master_Core.Debug_Area/Control_Reg_En_cmp_eq00001 (microblaze_0/MicroBlaze_Core_I/Area.Implement_Debug_Logic.Master_Core.Debug_Area/Control_Reg_En)
     FDCE:CE                   0.555          microblaze_0/MicroBlaze_Core_I/Area.Implement_Debug_Logic.Master_Core.Debug_Area/Dbg_Wakeup
    ----------------------------------------
    Total                      8.025ns (3.962ns logic, 4.063ns route)
                                       (49.4% logic, 50.6% route)

=========================================================================
Timing constraint: Default period analysis for Clock 'blaze/xps_epc_0/PRH_Rd_n1'
  Clock period: 2.375ns (frequency: 421.053MHz)
  Total number of paths / destination ports: 32 / 32
-------------------------------------------------------------------------
Delay:               2.375ns (Levels of Logic = 2)
  Source:            BlazeDataIn_7 (FF)
  Destination:       BlazeDataIn_7 (FF)
  Source Clock:      blaze/xps_epc_0/PRH_Rd_n1 falling
  Destination Clock: blaze/xps_epc_0/PRH_Rd_n1 falling

  Data Path: BlazeDataIn_7 to BlazeDataIn_7
                                Gate     Net
    Cell:in->out      fanout   Delay   Delay  Logical Name (Net Name)
    ----------------------------------------  ------------
     FDE_1:C->Q            2   0.591   0.451  BlazeDataIn_7 (BlazeDataIn_7)
     LUT4:I3->O            1   0.704   0.000  BlazeDataIn_7_mux0000146_G (N224)
     MUXF5:I1->O           1   0.321   0.000  BlazeDataIn_7_mux0000146 (BlazeDataIn_7_mux0000)
     FDE_1:D                   0.308          BlazeDataIn_7
    ----------------------------------------
    Total                      2.375ns (1.924ns logic, 0.451ns route)
                                       (81.0% logic, 19.0% route)

=========================================================================
Timing constraint: Default OFFSET IN BEFORE for Clock 'blaze/mdm_0/mdm_0/drck_i'
  Total number of paths / destination ports: 123 / 99
-------------------------------------------------------------------------
Offset:              4.704ns (Levels of Logic = 4)
  Source:            blaze/mdm_0/mdm_0/Use_Spartan3.BSCAN_SPARTAN3_I:SHIFT (PAD)
  Destination:       blaze/microblaze_0/microblaze_0/MicroBlaze_Core_I/Area.Implement_Debug_Logic.Master_Core.Debug_Area/shift_count_7 (FF)
  Destination Clock: blaze/mdm_0/mdm_0/drck_i rising

  Data Path: blaze/mdm_0/mdm_0/Use_Spartan3.BSCAN_SPARTAN3_I:SHIFT to blaze/microblaze_0/microblaze_0/MicroBlaze_Core_I/Area.Implement_Debug_Logic.Master_Core.Debug_Area/shift_count_7
                                Gate     Net
    Cell:in->out      fanout   Delay   Delay  Logical Name (Net Name)
    ----------------------------------------  ------------
    BSCAN_SPARTAN3:SHIFT    5   0.000   0.000  mdm_0/Use_Spartan3.BSCAN_SPARTAN3_I (mdm_0/shift)
     begin scope: 'mdm_0/MDM_Core_I1'
     LUT4:I0->O            9   0.704   0.820  JTAG_CONTROL_I/shifting_Data (Dbg_Shift_9)
     end scope: 'mdm_0/MDM_Core_I1'
     end scope: 'mdm_0'
     begin scope: 'microblaze_0'
     INV:I->O              8   0.704   0.757  microblaze_0/MicroBlaze_Core_I/Area.Implement_Debug_Logic.Master_Core.Debug_Area/Shift_inv1_INV_0 (microblaze_0/MicroBlaze_Core_I/Area.Implement_Debug_Logic.Master_Core.Debug_Area/Shift_inv)
     FDR:R                     0.911          microblaze_0/MicroBlaze_Core_I/Area.Implement_Debug_Logic.Master_Core.Debug_Area/shift_count_0
    ----------------------------------------
    Total                      4.704ns (3.127ns logic, 1.577ns route)
                                       (66.5% logic, 33.5% route)

=========================================================================
Timing constraint: Default OFFSET IN BEFORE for Clock 'clk'
  Total number of paths / destination ports: 10 / 10
-------------------------------------------------------------------------
Offset:              3.197ns (Levels of Logic = 2)
  Source:            btn<0> (PAD)
  Destination:       blaze/proc_sys_reset_0/proc_sys_reset_0/EXT_LPF/exr_d1 (FF)
  Destination Clock: clk rising

  Data Path: btn<0> to blaze/proc_sys_reset_0/proc_sys_reset_0/EXT_LPF/exr_d1
                                Gate     Net
    Cell:in->out      fanout   Delay   Delay  Logical Name (Net Name)
    ----------------------------------------  ------------
     IBUF:I->O            18   1.218   1.068  btn_0_IBUF (btn_0_IBUF)
     begin scope: 'blaze'
     begin scope: 'proc_sys_reset_0'
     FDS:S                     0.911          proc_sys_reset_0/EXT_LPF/exr_d1
    ----------------------------------------
    Total                      3.197ns (2.129ns logic, 1.068ns route)
                                       (66.6% logic, 33.4% route)

=========================================================================
Timing constraint: Default OFFSET IN BEFORE for Clock 'blaze/mdm_0/mdm_0/update1'
  Total number of paths / destination ports: 20 / 20
-------------------------------------------------------------------------
Offset:              4.085ns (Levels of Logic = 3)
  Source:            blaze/mdm_0/mdm_0/Use_Spartan3.BSCAN_SPARTAN3_I:SEL2 (PAD)
  Destination:       blaze/mdm_0/mdm_0/MDM_Core_I1/JTAG_CONTROL_I/command_0 (FF)
  Destination Clock: blaze/mdm_0/mdm_0/update1 falling

  Data Path: blaze/mdm_0/mdm_0/Use_Spartan3.BSCAN_SPARTAN3_I:SEL2 to blaze/mdm_0/mdm_0/MDM_Core_I1/JTAG_CONTROL_I/command_0
                                Gate     Net
    Cell:in->out      fanout   Delay   Delay  Logical Name (Net Name)
    ----------------------------------------  ------------
    BSCAN_SPARTAN3:SEL2    2   0.000   0.000  mdm_0/Use_Spartan3.BSCAN_SPARTAN3_I (mdm_0/sel)
     begin scope: 'mdm_0/MDM_Core_I1'
     LUT3:I0->O            7   0.704   0.743  Ext_JTAG_SEL11 (N2)
     LUT3:I2->O            8   0.704   0.757  Old_MDM_SEL1 (Old_MDM_SEL)
     FDE_1:CE                  0.555          JTAG_CONTROL_I/command_7
    ----------------------------------------
    Total                      4.085ns (2.585ns logic, 1.500ns route)
                                       (63.3% logic, 36.7% route)

=========================================================================
Timing constraint: Default OFFSET IN BEFORE for Clock 'blaze/xps_epc_0/PRH_Rd_n1'
  Total number of paths / destination ports: 16 / 8
-------------------------------------------------------------------------
Offset:              4.451ns (Levels of Logic = 5)
  Source:            sw<7> (PAD)
  Destination:       BlazeDataIn_7 (FF)
  Destination Clock: blaze/xps_epc_0/PRH_Rd_n1 falling

  Data Path: sw<7> to BlazeDataIn_7
                                Gate     Net
    Cell:in->out      fanout   Delay   Delay  Logical Name (Net Name)
    ----------------------------------------  ------------
     IBUF:I->O             2   1.218   0.451  sw_7_IBUF (sw_7_IBUF)
     LUT4:I3->O            1   0.704   0.000  BlazeDataIn_7_mux000094_G (N282)
     MUXF5:I1->O           1   0.321   0.424  BlazeDataIn_7_mux000094 (BlazeDataIn_7_mux000094)
     LUT4:I3->O            1   0.704   0.000  BlazeDataIn_7_mux0000146_F (N223)
     MUXF5:I0->O           1   0.321   0.000  BlazeDataIn_7_mux0000146 (BlazeDataIn_7_mux0000)
     FDE_1:D                   0.308          BlazeDataIn_7
    ----------------------------------------
    Total                      4.451ns (3.576ns logic, 0.875ns route)
                                       (80.3% logic, 19.7% route)

=========================================================================
Timing constraint: Default OFFSET OUT AFTER for Clock 'clk'
  Total number of paths / destination ports: 28 / 20
-------------------------------------------------------------------------
Offset:              6.277ns (Levels of Logic = 3)
  Source:            blaze/xps_epc_0/xps_epc_0/EPC_CORE_I/ACCESS_MUX_I/PRH_Addr_3 (FF)
  Destination:       JB<4> (PAD)
  Source Clock:      clk rising

  Data Path: blaze/xps_epc_0/xps_epc_0/EPC_CORE_I/ACCESS_MUX_I/PRH_Addr_3 to JB<4>
                                Gate     Net
    Cell:in->out      fanout   Delay   Delay  Logical Name (Net Name)
    ----------------------------------------  ------------
     FD:C->Q             120   0.591   1.290  xps_epc_0/EPC_CORE_I/ACCESS_MUX_I/PRH_Addr_3 (PRH_Addr<3>)
     end scope: 'xps_epc_0'
     end scope: 'blaze'
     INV:I->O              1   0.704   0.420  RS1_INV_0 (JB_4_OBUF)
     OBUF:I->O                 3.272          JB_4_OBUF (JB<4>)
    ----------------------------------------
    Total                      6.277ns (4.567ns logic, 1.710ns route)
                                       (72.8% logic, 27.2% route)

=========================================================================
Timing constraint: Default OFFSET OUT AFTER for Clock 'blaze/mdm_0/mdm_0/drck_i'
  Total number of paths / destination ports: 134 / 1
-------------------------------------------------------------------------
Offset:              12.965ns (Levels of Logic = 11)
  Source:            blaze/microblaze_0/microblaze_0/MicroBlaze_Core_I/Area.Implement_Debug_Logic.Master_Core.Debug_Area/Use_SRL16.SRL16E_7/Use_unisim.MB_SRL16E_I1 (FF)
  Destination:       blaze/mdm_0/mdm_0/Use_Spartan3.BSCAN_SPARTAN3_I:TDO2 (PAD)
  Source Clock:      blaze/mdm_0/mdm_0/drck_i rising

  Data Path: blaze/microblaze_0/microblaze_0/MicroBlaze_Core_I/Area.Implement_Debug_Logic.Master_Core.Debug_Area/Use_SRL16.SRL16E_7/Use_unisim.MB_SRL16E_I1 to blaze/mdm_0/mdm_0/Use_Spartan3.BSCAN_SPARTAN3_I:TDO2
                                Gate     Net
    Cell:in->out      fanout   Delay   Delay  Logical Name (Net Name)
    ----------------------------------------  ------------
     SRL16E:CLK->Q         2   3.706   0.622  microblaze_0/MicroBlaze_Core_I/Area.Implement_Debug_Logic.Master_Core.Debug_Area/Use_SRL16.SRL16E_7/Use_unisim.MB_SRL16E_I1 (microblaze_0/MicroBlaze_Core_I/Area.Implement_Debug_Logic.Master_Core.Debug_Area/tdo_config_word1<14>)
     LUT4:I0->O            1   0.704   0.000  microblaze_0/MicroBlaze_Core_I/Area.Implement_Debug_Logic.Master_Core.Debug_Area/TDO162 (microblaze_0/MicroBlaze_Core_I/Area.Implement_Debug_Logic.Master_Core.Debug_Area/TDO162)
     MUXF5:I0->O           1   0.321   0.424  microblaze_0/MicroBlaze_Core_I/Area.Implement_Debug_Logic.Master_Core.Debug_Area/TDO16_f5 (microblaze_0/MicroBlaze_Core_I/Area.Implement_Debug_Logic.Master_Core.Debug_Area/TDO16)
     LUT4:I3->O            1   0.704   0.455  microblaze_0/MicroBlaze_Core_I/Area.Implement_Debug_Logic.Master_Core.Debug_Area/TDO30 (microblaze_0/MicroBlaze_Core_I/Area.Implement_Debug_Logic.Master_Core.Debug_Area/TDO30)
     LUT3:I2->O            1   0.704   0.000  microblaze_0/MicroBlaze_Core_I/Area.Implement_Debug_Logic.Master_Core.Debug_Area/TDO84_G (N391)
     MUXF5:I1->O           1   0.321   0.499  microblaze_0/MicroBlaze_Core_I/Area.Implement_Debug_Logic.Master_Core.Debug_Area/TDO84 (microblaze_0/MicroBlaze_Core_I/Area.Implement_Debug_Logic.Master_Core.Debug_Area/TDO84)
     LUT4:I1->O            1   0.704   0.595  microblaze_0/MicroBlaze_Core_I/Area.Implement_Debug_Logic.Master_Core.Debug_Area/TDO138_SW0 (N292)
     LUT4:I0->O            1   0.704   0.499  microblaze_0/MicroBlaze_Core_I/Area.Implement_Debug_Logic.Master_Core.Debug_Area/TDO138 (DBG_TDO)
     end scope: 'microblaze_0'
     begin scope: 'mdm_0'
     begin scope: 'mdm_0/MDM_Core_I1'
     LUT4:I1->O            1   0.704   0.595  TDO_i81 (TDO_i81)
     LUT4:I0->O            0   0.704   0.000  TDO_i217 (TDO)
     end scope: 'mdm_0/MDM_Core_I1'
    BSCAN_SPARTAN3:TDO2        0.000          mdm_0/Use_Spartan3.BSCAN_SPARTAN3_I
    ----------------------------------------
    Total                     12.965ns (9.276ns logic, 3.689ns route)
                                       (71.5% logic, 28.5% route)

=========================================================================
Timing constraint: Default OFFSET OUT AFTER for Clock 'blaze/mdm_0/mdm_0/update1'
  Total number of paths / destination ports: 54 / 1
-------------------------------------------------------------------------
Offset:              8.921ns (Levels of Logic = 10)
  Source:            blaze/mdm_0/mdm_0/MDM_Core_I1/JTAG_CONTROL_I/FDC_I (FF)
  Destination:       blaze/mdm_0/mdm_0/Use_Spartan3.BSCAN_SPARTAN3_I:TDO2 (PAD)
  Source Clock:      blaze/mdm_0/mdm_0/update1 falling

  Data Path: blaze/mdm_0/mdm_0/MDM_Core_I1/JTAG_CONTROL_I/FDC_I to blaze/mdm_0/mdm_0/Use_Spartan3.BSCAN_SPARTAN3_I:TDO2
                                Gate     Net
    Cell:in->out      fanout   Delay   Delay  Logical Name (Net Name)
    ----------------------------------------  ------------
     FDC_1:C->Q           14   0.591   1.175  JTAG_CONTROL_I/FDC_I (JTAG_CONTROL_I/data_cmd)
     LUT2:I0->O            7   0.704   0.708  JTAG_CONTROL_I/Dbg_Reg_En_I<7>1 (Dbg_Reg_En_0<7>)
     end scope: 'mdm_0/MDM_Core_I1'
     end scope: 'mdm_0'
     begin scope: 'microblaze_0'
     MUXF5:S->O            1   0.739   0.499  microblaze_0/MicroBlaze_Core_I/Area.Implement_Debug_Logic.Master_Core.Debug_Area/TDO84 (microblaze_0/MicroBlaze_Core_I/Area.Implement_Debug_Logic.Master_Core.Debug_Area/TDO84)
     LUT4:I1->O            1   0.704   0.595  microblaze_0/MicroBlaze_Core_I/Area.Implement_Debug_Logic.Master_Core.Debug_Area/TDO138_SW0 (N292)
     LUT4:I0->O            1   0.704   0.499  microblaze_0/MicroBlaze_Core_I/Area.Implement_Debug_Logic.Master_Core.Debug_Area/TDO138 (DBG_TDO)
     end scope: 'microblaze_0'
     begin scope: 'mdm_0'
     begin scope: 'mdm_0/MDM_Core_I1'
     LUT4:I1->O            1   0.704   0.595  TDO_i81 (TDO_i81)
     LUT4:I0->O            0   0.704   0.000  TDO_i217 (TDO)
     end scope: 'mdm_0/MDM_Core_I1'
    BSCAN_SPARTAN3:TDO2        0.000          mdm_0/Use_Spartan3.BSCAN_SPARTAN3_I
    ----------------------------------------
    Total                      8.921ns (4.850ns logic, 4.071ns route)
                                       (54.4% logic, 45.6% route)

=========================================================================


Total REAL time to Xst completion: 27.00 secs
Total CPU time to Xst completion: 26.55 secs
 
--> 

Total memory usage is 355688 kilobytes

Number of errors   :    0 (   0 filtered)
Number of warnings :    2 (   0 filtered)
Number of infos    :   11 (   0 filtered)

