20:05:49 **** Incremental Build of configuration Release for project app_prj ****
make all 
'Building file: ../src/src.c'
'Invoking: MicroBlaze gcc compiler'
mb-gcc -Wall -O2 -c -fmessage-length=0 -I../../standalone_bsp_0/microblaze_0/include -mxl-barrel-shift -mxl-pattern-compare -mcpu=v8.50.c -mno-xl-soft-mul -Wl,--no-relax -ffunction-sections -fdata-sections -MMD -MP -MF"src/src.d" -MT"src/src.d" -o "src/src.o" "../src/src.c"
../src/src.c: In function 'Printf':
../src/src.c:56:3: warning: implicit declaration of function 'PutCh' [-Wimplicit-function-declaration]
../src/src.c: At top level:
../src/src.c:91:6: warning: conflicting types for 'PutCh' [enabled by default]
../src/src.c:56:3: note: previous implicit declaration of 'PutCh' was here
../src/src.c: In function 'main':
../src/src.c:213:16: warning: unused variable 'position' [-Wunused-variable]
'Finished building: ../src/src.c'
' '
'Building target: app_prj.elf'
'Invoking: MicroBlaze gcc linker'
mb-gcc -Wl,-T -Wl,../src/lscript.ld -L../../standalone_bsp_0/microblaze_0/lib -mxl-barrel-shift -mxl-pattern-compare -mcpu=v8.50.c -mno-xl-soft-mul -Wl,--no-relax -Wl,--gc-sections -o "app_prj.elf"  ./src/src.o   -Wl,--start-group,-lxil,-lgcc,-lc,--end-group
'Finished building target: app_prj.elf'
' '
'Invoking: MicroBlaze Print Size'
mb-size app_prj.elf  |tee "app_prj.elf.size"
   text	   data	    bss	    dec	    hex	filename
   2754	    268	   2098	   5120	   1400	app_prj.elf
'Finished building: app_prj.elf.size'
' '
'Invoking: Xilinx ELF Check'
elfcheck app_prj.elf -hw ../../blaze_hw_platform/system.xml -pe microblaze_0  |tee "app_prj.elf.elfcheck"
elfcheck
Xilinx EDK 14.7 Build EDK_P.20131013
Copyright (c) 1995-2012 Xilinx, Inc.  All rights reserved.

Command Line: elfcheck -hw ../../blaze_hw_platform/system.xml -pe microblaze_0
app_prj.elf 

ELF file	: app_prj.elf
elfcheck passed.
'Finished building: app_prj.elf.elfcheck'
' '
20:05:59 **** Clean-only build of configuration Release for project app_prj ****
make clean 
rm -rf  ./src/src.o  ./src/src.d  app_prj.elf.size  app_prj.elf.elfcheck  app_prj.elf
' '
20:06:00 **** Auto Build of configuration Release for project app_prj ****
make all 
'Building file: ../src/src.c'
'Invoking: MicroBlaze gcc compiler'
mb-gcc -Wall -O0 -c -fmessage-length=0 -I../../standalone_bsp_0/microblaze_0/include -mxl-barrel-shift -mxl-pattern-compare -mcpu=v8.50.c -mno-xl-soft-mul -Wl,--no-relax -ffunction-sections -fdata-sections -MMD -MP -MF"src/src.d" -MT"src/src.d" -o "src/src.o" "../src/src.c"
../src/src.c: In function 'Printf':
../src/src.c:56:3: warning: implicit declaration of function 'PutCh' [-Wimplicit-function-declaration]
../src/src.c: At top level:
../src/src.c:91:6: warning: conflicting types for 'PutCh' [enabled by default]
../src/src.c:56:3: note: previous implicit declaration of 'PutCh' was here
../src/src.c: In function 'main':
../src/src.c:213:16: warning: unused variable 'position' [-Wunused-variable]
'Finished building: ../src/src.c'
' '
'Building target: app_prj.elf'
'Invoking: MicroBlaze gcc linker'
mb-gcc -Wl,-T -Wl,../src/lscript.ld -L../../standalone_bsp_0/microblaze_0/lib -mxl-barrel-shift -mxl-pattern-compare -mcpu=v8.50.c -mno-xl-soft-mul -Wl,--no-relax -Wl,--gc-sections -o "app_prj.elf"  ./src/src.o   -Wl,--start-group,-lxil,-lgcc,-lc,--end-group
'Finished building target: app_prj.elf'
' '
'Invoking: MicroBlaze Print Size'
mb-size app_prj.elf  |tee "app_prj.elf.size"
   text	   data	    bss	    dec	    hex	filename
   3346	    268	   2098	   5712	   1650	app_prj.elf
'Finished building: app_prj.elf.size'
' '
'Invoking: Xilinx ELF Check'
elfcheck app_prj.elf -hw ../../blaze_hw_platform/system.xml -pe microblaze_0  |tee "app_prj.elf.elfcheck"
elfcheck
Xilinx EDK 14.7 Build EDK_P.20131013
Copyright (c) 1995-2012 Xilinx, Inc.  All rights reserved.

Command Line: elfcheck -hw ../../blaze_hw_platform/system.xml -pe microblaze_0
app_prj.elf 

ELF file	: app_prj.elf
elfcheck passed.
'Finished building: app_prj.elf.elfcheck'
' '
20:06:30 **** Auto Build of configuration Release for project app_prj ****
make all 
'Building file: ../src/src.c'
'Invoking: MicroBlaze gcc compiler'
mb-gcc -Wall -O0 -c -fmessage-length=0 -I../../standalone_bsp_0/microblaze_0/include -mxl-barrel-shift -mxl-pattern-compare -mcpu=v8.50.c -mno-xl-soft-mul -Wl,--no-relax -ffunction-sections -fdata-sections -MMD -MP -MF"src/src.d" -MT"src/src.d" -o "src/src.o" "../src/src.c"
../src/src.c: In function 'Printf':
../src/src.c:57:3: warning: implicit declaration of function 'PutCh' [-Wimplicit-function-declaration]
../src/src.c: At top level:
../src/src.c:92:6: warning: conflicting types for 'PutCh' [enabled by default]
../src/src.c:57:3: note: previous implicit declaration of 'PutCh' was here
../src/src.c: In function 'main':
../src/src.c:214:16: warning: unused variable 'position' [-Wunused-variable]
'Finished building: ../src/src.c'
' '
'Building target: app_prj.elf'
'Invoking: MicroBlaze gcc linker'
mb-gcc -Wl,-T -Wl,../src/lscript.ld -L../../standalone_bsp_0/microblaze_0/lib -mxl-barrel-shift -mxl-pattern-compare -mcpu=v8.50.c -mno-xl-soft-mul -Wl,--no-relax -Wl,--gc-sections -o "app_prj.elf"  ./src/src.o   -Wl,--start-group,-lxil,-lgcc,-lc,--end-group
'Finished building target: app_prj.elf'
' '
'Invoking: MicroBlaze Print Size'
mb-size app_prj.elf  |tee "app_prj.elf.size"
   text	   data	    bss	    dec	    hex	filename
   3346	    268	   2098	   5712	   1650	app_prj.elf
'Finished building: app_prj.elf.size'
' '
'Invoking: Xilinx ELF Check'
elfcheck app_prj.elf -hw ../../blaze_hw_platform/system.xml -pe microblaze_0  |tee "app_prj.elf.elfcheck"
elfcheck
Xilinx EDK 14.7 Build EDK_P.20131013
Copyright (c) 1995-2012 Xilinx, Inc.  All rights reserved.

Command Line: elfcheck -hw ../../blaze_hw_platform/system.xml -pe microblaze_0
app_prj.elf 

ELF file	: app_prj.elf
elfcheck passed.
'Finished building: app_prj.elf.elfcheck'
' '
20:06:49 **** Auto Build of project standalone_bsp_0 ****
make -k all 
'Finished building libraries'
20:12:41 **** Auto Build of configuration Release for project app_prj ****
make all 
'Building file: ../src/src.c'
'Invoking: MicroBlaze gcc compiler'
mb-gcc -Wall -O0 -c -fmessage-length=0 -I../../standalone_bsp_0/microblaze_0/include -mxl-barrel-shift -mxl-pattern-compare -mcpu=v8.50.c -mno-xl-soft-mul -Wl,--no-relax -ffunction-sections -fdata-sections -MMD -MP -MF"src/src.d" -MT"src/src.d" -o "src/src.o" "../src/src.c"
../src/src.c: In function 'Printf':
../src/src.c:57:3: warning: implicit declaration of function 'PutCh' [-Wimplicit-function-declaration]
../src/src.c: At top level:
../src/src.c:92:6: warning: conflicting types for 'PutCh' [enabled by default]
../src/src.c:57:3: note: previous implicit declaration of 'PutCh' was here
../src/src.c: In function 'main':
../src/src.c:221:16: warning: unused variable 'position' [-Wunused-variable]
'Finished building: ../src/src.c'
' '
'Building target: app_prj.elf'
'Invoking: MicroBlaze gcc linker'
mb-gcc -Wl,-T -Wl,../src/lscript.ld -L../../standalone_bsp_0/microblaze_0/lib -mxl-barrel-shift -mxl-pattern-compare -mcpu=v8.50.c -mno-xl-soft-mul -Wl,--no-relax -Wl,--gc-sections -o "app_prj.elf"  ./src/src.o   -Wl,--start-group,-lxil,-lgcc,-lc,--end-group
'Finished building target: app_prj.elf'
' '
'Invoking: MicroBlaze Print Size'
mb-size app_prj.elf  |tee "app_prj.elf.size"
   text	   data	    bss	    dec	    hex	filename
   3450	    268	   2098	   5816	   16b8	app_prj.elf
'Finished building: app_prj.elf.size'
' '
'Invoking: Xilinx ELF Check'
elfcheck app_prj.elf -hw ../../blaze_hw_platform/system.xml -pe microblaze_0  |tee "app_prj.elf.elfcheck"
elfcheck
Xilinx EDK 14.7 Build EDK_P.20131013
Copyright (c) 1995-2012 Xilinx, Inc.  All rights reserved.

Command Line: elfcheck -hw ../../blaze_hw_platform/system.xml -pe microblaze_0
app_prj.elf 

ELF file	: app_prj.elf
elfcheck passed.
'Finished building: app_prj.elf.elfcheck'
' '
20:13:02 **** Auto Build of project standalone_bsp_0 ****
make -k all 
'Finished building libraries'
20:13:15 **** Auto Build of configuration Release for project app_prj ****
make all 
'Building file: ../src/src.c'
'Invoking: MicroBlaze gcc compiler'
mb-gcc -Wall -O0 -c -fmessage-length=0 -I../../standalone_bsp_0/microblaze_0/include -mxl-barrel-shift -mxl-pattern-compare -mcpu=v8.50.c -mno-xl-soft-mul -Wl,--no-relax -ffunction-sections -fdata-sections -MMD -MP -MF"src/src.d" -MT"src/src.d" -o "src/src.o" "../src/src.c"
../src/src.c: In function 'Printf':
../src/src.c:57:3: warning: implicit declaration of function 'PutCh' [-Wimplicit-function-declaration]
../src/src.c: At top level:
../src/src.c:92:6: warning: conflicting types for 'PutCh' [enabled by default]
../src/src.c:57:3: note: previous implicit declaration of 'PutCh' was here
../src/src.c: In function 'main':
../src/src.c:223:16: warning: unused variable 'position' [-Wunused-variable]
'Finished building: ../src/src.c'
' '
'Building target: app_prj.elf'
'Invoking: MicroBlaze gcc linker'
mb-gcc -Wl,-T -Wl,../src/lscript.ld -L../../standalone_bsp_0/microblaze_0/lib -mxl-barrel-shift -mxl-pattern-compare -mcpu=v8.50.c -mno-xl-soft-mul -Wl,--no-relax -Wl,--gc-sections -o "app_prj.elf"  ./src/src.o   -Wl,--start-group,-lxil,-lgcc,-lc,--end-group
'Finished building target: app_prj.elf'
' '
'Invoking: MicroBlaze Print Size'
mb-size app_prj.elf  |tee "app_prj.elf.size"
   text	   data	    bss	    dec	    hex	filename
   3454	    268	   2092	   5814	   16b6	app_prj.elf
'Finished building: app_prj.elf.size'
' '
'Invoking: Xilinx ELF Check'
elfcheck app_prj.elf -hw ../../blaze_hw_platform/system.xml -pe microblaze_0  |tee "app_prj.elf.elfcheck"
elfcheck
Xilinx EDK 14.7 Build EDK_P.20131013
Copyright (c) 1995-2012 Xilinx, Inc.  All rights reserved.

Command Line: elfcheck -hw ../../blaze_hw_platform/system.xml -pe microblaze_0
app_prj.elf 

ELF file	: app_prj.elf
elfcheck passed.
'Finished building: app_prj.elf.elfcheck'
' '
20:13:23 **** Auto Build of project standalone_bsp_0 ****
make -k all 
'Finished building libraries'
20:14:32 **** Auto Build of configuration Release for project app_prj ****
make all 
'Building file: ../src/src.c'
'Invoking: MicroBlaze gcc compiler'
mb-gcc -Wall -O0 -c -fmessage-length=0 -I../../standalone_bsp_0/microblaze_0/include -mxl-barrel-shift -mxl-pattern-compare -mcpu=v8.50.c -mno-xl-soft-mul -Wl,--no-relax -ffunction-sections -fdata-sections -MMD -MP -MF"src/src.d" -MT"src/src.d" -o "src/src.o" "../src/src.c"
../src/src.c: In function 'Printf':
../src/src.c:57:3: warning: implicit declaration of function 'PutCh' [-Wimplicit-function-declaration]
../src/src.c: At top level:
../src/src.c:92:6: warning: conflicting types for 'PutCh' [enabled by default]
../src/src.c:57:3: note: previous implicit declaration of 'PutCh' was here
../src/src.c: In function 'main':
../src/src.c:223:16: warning: unused variable 'position' [-Wunused-variable]
'Finished building: ../src/src.c'
' '
'Building target: app_prj.elf'
'Invoking: MicroBlaze gcc linker'
mb-gcc -Wl,-T -Wl,../src/lscript.ld -L../../standalone_bsp_0/microblaze_0/lib -mxl-barrel-shift -mxl-pattern-compare -mcpu=v8.50.c -mno-xl-soft-mul -Wl,--no-relax -Wl,--gc-sections -o "app_prj.elf"  ./src/src.o   -Wl,--start-group,-lxil,-lgcc,-lc,--end-group
'Finished building target: app_prj.elf'
' '
'Invoking: MicroBlaze Print Size'
mb-size app_prj.elf  |tee "app_prj.elf.size"
   text	   data	    bss	    dec	    hex	filename
   3450	    268	   2098	   5816	   16b8	app_prj.elf
'Finished building: app_prj.elf.size'
' '
'Invoking: Xilinx ELF Check'
elfcheck app_prj.elf -hw ../../blaze_hw_platform/system.xml -pe microblaze_0  |tee "app_prj.elf.elfcheck"
elfcheck
Xilinx EDK 14.7 Build EDK_P.20131013
Copyright (c) 1995-2012 Xilinx, Inc.  All rights reserved.

Command Line: elfcheck -hw ../../blaze_hw_platform/system.xml -pe microblaze_0
app_prj.elf 

ELF file	: app_prj.elf
elfcheck passed.
'Finished building: app_prj.elf.elfcheck'
' '
20:14:40 **** Auto Build of project standalone_bsp_0 ****
make -k all 
'Finished building libraries'
